<?xml version="1.0" encoding="UTF-8"?>
<!-- Generated by org.testng.reporters.JUnitXMLReporter -->
<testsuite ignored="0" hostname="Hardik" failures="1" tests="10" name="Test" time="0.014" errors="0" timestamp="01 Dec. 2022 22:50:03 GMT">
  <testcase classname="selenium.Testing1" name="login" time="0.0"/>
  <testcase classname="selenium.Testing1" name="login" time="0.0"/>
  <testcase classname="selenium.Testing1" name="test1" time="0.0"/>
  <testcase classname="selenium.Testing1" name="test2" time="0.0"/>
  <testcase classname="selenium.Testing1" name="test3" time="0.0"/>
  <testcase classname="selenium.Testing2" name="test4" time="0.0"/>
  <testcase classname="selenium.Testing2" name="test5" time="0.0"/>
  <testcase classname="selenium.Testing3" name="createUser" time="0.001"/>
  <testcase classname="selenium.Testing3" name="editUser" time="0.001">
    <failure type="java.lang.AssertionError" message="The following asserts failed:
	Verifying Element expected [true] but found [false]">
      <![CDATA[java.lang.AssertionError: The following asserts failed:
Verifying Element expected [true] but found [false]
at selenium.Testing3.editUser(Testing3.java:26)
... Removed 25 stack frames]]>
    </failure>
  </testcase> <!-- editUser -->
  <testcase classname="selenium.Testing3" name="deleteUser" time="0.0">
    <skipped/>
  </testcase> <!-- deleteUser -->
</testsuite> <!-- Test -->
